C51 COMPILER V9.59.0.0   AT24C02                                                           10/05/2023 20:18:23 PAGE 1   


C51 COMPILER V9.59.0.0, COMPILATION OF MODULE AT24C02
OBJECT MODULE PLACED IN .\Objects\AT24C02.obj
COMPILER INVOKED BY: D:\Soft\Keil_C51\keil_v5\C51\BIN\C51.EXE AT24C02.c OPTIMIZE(8,SPEED) BROWSE DEBUG OBJECTEXTEND PRIN
                    -T(.\Listings\AT24C02.lst) TABS(2) OBJECT(.\Objects\AT24C02.obj)

line level    source

   1          #include <REGX52.H>
   2          #include "iic.h"
   3          #define AT24C02_ADDRESS 0xA0    //该元件地址：1010+A2A1A0+w A2A1A0为可配地址，一般为000
   4          
   5          
   6          /**
   7            * @brief  AT24C02_EEPROM 写字节
   8            * @param  无
   9            * @retval 无
  10            */
  11          void AT24C02_WriteByte(unsigned char WordAddress , Data){
  12   1        I2C_Start();
  13   1        I2C_SendByte(AT24C02_ADDRESS); 
  14   1        I2C_ReceiveAck();
  15   1        I2C_SendByte(WordAddress);
  16   1        I2C_ReceiveAck();
  17   1        I2C_SendByte(Data);
  18   1        I2C_ReceiveAck();
  19   1        I2C_Stop();
  20   1      }
  21          
  22          /**
  23            * @brief  
  24            * @param  无
  25            * @retval 无
  26            */
  27          unsigned char AT24C02_ReadByte(unsigned char WordAddress){
  28   1        unsigned char Data;
  29   1        I2C_Start();
  30   1        I2C_SendByte(AT24C02_ADDRESS); 
  31   1        I2C_ReceiveAck();
  32   1        I2C_SendByte(WordAddress);
  33   1        I2C_ReceiveAck();
  34   1        I2C_Start();
  35   1        I2C_SendByte(AT24C02_ADDRESS | 0x01);
  36   1        I2C_ReceiveAck();
  37   1        Data=I2C_ReceiveByte();
  38   1        I2C_SendAck(1);
  39   1        I2C_Stop();
  40   1        return Data;
  41   1      }


MODULE INFORMATION:   STATIC OVERLAYABLE
   CODE SIZE        =     84    ----
   CONSTANT SIZE    =   ----    ----
   XDATA SIZE       =   ----    ----
   PDATA SIZE       =   ----    ----
   DATA SIZE        =   ----       5
   IDATA SIZE       =   ----    ----
   BIT SIZE         =   ----    ----
END OF MODULE INFORMATION.


C51 COMPILATION COMPLETE.  0 WARNING(S),  0 ERROR(S)
