C51 COMPILER V9.59.0.0   AT24C512B                                                         10/04/2023 17:22:13 PAGE 1   


C51 COMPILER V9.59.0.0, COMPILATION OF MODULE AT24C512B
OBJECT MODULE PLACED IN .\Objects\AT24C512B.obj
COMPILER INVOKED BY: D:\Soft\Keil_C51\keil_v5\C51\BIN\C51.EXE AT24C512B.c OPTIMIZE(8,SPEED) BROWSE DEBUG OBJECTEXTEND PR
                    -INT(.\Listings\AT24C512B.lst) TABS(2) OBJECT(.\Objects\AT24C512B.obj)

line level    source

   1          #include <REGX52.H>
   2          #include "iic.h"
   3          #define AT24C512B_ADDRESS 0xA0    //该元件地址：1010+A2A1A0+w A2A1A0为可配地址，一般为000
   4          
   5          
   6          
   7          void AT24C512B_WriteByte(unsigned char WordAddress , Data){
   8   1        I2C_Start();
   9   1        I2C_SendByte(AT24C512B_ADDRESS); 
  10   1        I2C_ReceiveAck();
  11   1        I2C_SendByte(WordAddress);
  12   1        I2C_ReceiveAck();
  13   1        I2C_SendByte(Data);
  14   1        I2C_ReceiveAck();
  15   1        I2C_Stop();
  16   1      }
  17          
  18          unsigned char AT24C512B_ReadByte(unsigned char WordAddress){
  19   1        unsigned char Data;
  20   1        I2C_Start();
  21   1        I2C_SendByte(AT24C512B_ADDRESS); 
  22   1        I2C_ReceiveAck();
  23   1        I2C_SendByte(WordAddress);
  24   1        I2C_ReceiveAck();
  25   1        I2C_Start();
  26   1        I2C_SendByte(AT24C512B_ADDRESS | 0x01);
  27   1        I2C_ReceiveAck();
  28   1        Data=I2C_ReceiveByte();
  29   1        I2C_SendAck(1);
  30   1        I2C_Stop();
  31   1        return Data;
  32   1      }


MODULE INFORMATION:   STATIC OVERLAYABLE
   CODE SIZE        =     84    ----
   CONSTANT SIZE    =   ----    ----
   XDATA SIZE       =   ----    ----
   PDATA SIZE       =   ----    ----
   DATA SIZE        =   ----       5
   IDATA SIZE       =   ----    ----
   BIT SIZE         =   ----    ----
END OF MODULE INFORMATION.


C51 COMPILATION COMPLETE.  0 WARNING(S),  0 ERROR(S)
