C51 COMPILER V9.59.0.0   IIC                                                               10/04/2023 18:49:24 PAGE 1   


C51 COMPILER V9.59.0.0, COMPILATION OF MODULE IIC
OBJECT MODULE PLACED IN .\Objects\iic.obj
COMPILER INVOKED BY: D:\Soft\Keil_C51\keil_v5\C51\BIN\C51.EXE iic.c OPTIMIZE(8,SPEED) BROWSE DEBUG OBJECTEXTEND PRINT(.\
                    -Listings\iic.lst) TABS(2) OBJECT(.\Objects\iic.obj)

line level    source

   1          #include <REGX52.H>
   2          #include "delay.h"
   3          
   4          sbit I2C_SCL=P2^1;
   5          sbit I2C_SDA=P2^0;
   6          
   7          
   8          /**
   9            * @brief  I2C开始信号
  10            * @param  无
  11            * @retval 无
  12            */
  13          void I2C_Start(void){
  14   1        //保证初始状态
  15   1        I2C_SDA=1;
  16   1        I2C_SCL=1;
  17   1        I2C_SDA=0;
  18   1        I2C_SCL=0;
  19   1      }
  20          
  21          /**
  22            * @brief  I2C终止信号
  23            * @param  无
  24            * @retval 无
  25            */
  26          void I2C_Stop(void){
  27   1        //保证终止状态
  28   1        I2C_SDA=0;
  29   1        I2C_SCL=1;
  30   1        I2C_SDA=1;
  31   1      }
  32          
  33          /**
  34            * @brief  I2C发送一个字节
  35            * @param  Byte 等待发送的字节
  36            * @retval 无
  37            */
  38          void I2C_SendByte(unsigned char Byte){
  39   1        unsigned char i=0;
  40   1        for(;i<8;i++){
  41   2          I2C_SDA= Byte & (0x80 >> i );
  42   2          I2C_SCL=1;
  43   2          //需要考虑单片机时间，是否需要加延时
  44   2          I2C_SCL=0;
  45   2        }
  46   1      }
  47          
  48          /**
  49            * @brief  I2C接收一个字节
  50            * @param  无
  51            * @retval 接收到的一个字节数据
  52            */
  53          unsigned char I2C_ReceiveByte(void){
  54   1        unsigned char i,Byte=0x00;
C51 COMPILER V9.59.0.0   IIC                                                               10/04/2023 18:49:24 PAGE 2   

  55   1        //主机接受前，释放SDA
  56   1        I2C_SDA=1;
  57   1        
  58   1        for(i=0;i<8;i++){
  59   2          I2C_SCL=1;
  60   2          if(I2C_SDA){
  61   3            Byte |= (0x80 >> i) ;
  62   3          }
  63   2          I2C_SCL=0;
  64   2        }
  65   1        return Byte;
  66   1      }
  67          
  68          /**
  69            * @brief  I2C发送应答
  70            * @param  AckBit 应答位 0为应答 1为非应答
  71            * @retval 无
  72            */
  73          void I2C_SendAck(unsigned char AckBit){
  74   1        I2C_SDA=AckBit;
  75   1        I2C_SCL=1;
  76   1        I2C_SCL=0;
  77   1      }
  78          
  79          /**
  80            * @brief  I2C接收应答
  81            * @param  无
  82            * @retval 接收到的应答位
  83            */
  84          unsigned char I2C_ReceiveAck(void){
  85   1        unsigned char AckBit=0;
  86   1        I2C_SDA=1;
  87   1        I2C_SCL=1;
  88   1        AckBit=I2C_SDA;
  89   1        I2C_SCL=0;
  90   1        return AckBit;
  91   1      }


MODULE INFORMATION:   STATIC OVERLAYABLE
   CODE SIZE        =    127    ----
   CONSTANT SIZE    =   ----    ----
   XDATA SIZE       =   ----    ----
   PDATA SIZE       =   ----    ----
   DATA SIZE        =   ----    ----
   IDATA SIZE       =   ----    ----
   BIT SIZE         =   ----    ----
END OF MODULE INFORMATION.


C51 COMPILATION COMPLETE.  0 WARNING(S),  0 ERROR(S)
