C51 COMPILER V9.59.0.0   MAIN                                                              10/06/2023 12:49:50 PAGE 1   


C51 COMPILER V9.59.0.0, COMPILATION OF MODULE MAIN
OBJECT MODULE PLACED IN .\Objects\main.obj
COMPILER INVOKED BY: D:\Soft\Keil_C51\keil_v5\C51\BIN\C51.EXE main.c OPTIMIZE(8,SPEED) BROWSE DEBUG OBJECTEXTEND PRINT(.
                    -\Listings\main.lst) TABS(2) OBJECT(.\Objects\main.obj)

line level    source

   1          #include <REGX52.H>
   2          #include "LCD1602.h"
   3          #include "delay.h"
   4          #include "uart.h"
   5          #include "timer.h"
   6          #include "iic.h"
   7          #include "AT24C02.h"
   8          #include "adc0809.h"
   9          
  10          
  11          void main(){
  12   1        unsigned int offset=0,i;
  13   1        unsigned int adc;
  14   1        LCD_Init();
  15   1        Timer0_init();
  16   1        UART_Init();
  17   1        for(i=1;i<27;i++){
  18   2          AT24C02_WriteByte(i,64+i);
  19   2          delay_ms(5);
  20   2        }
  21   1        //UART_SendByte(adc);
  22   1        while(1){
  23   2          adc=ADC0809_Read()*(5.0/255)*1000;
  24   2          if(offset>25)
  25   2            offset%=26;
  26   2          LCD_ShowNum(1,1,adc,4);//1,1,AT24C02_ReadByte(1+offset)
  27   2          LCD_ShowString(1,5,"mV");//
  28   2          delay_ms(100);
  29   2          offset++;
  30   2        }
  31   1      }
  32          
  33          //中断服务函数
  34          void Timer_Routine()  interrupt 1 {
  35   1        //重置计时器初值
  36   1        TH0=( 65536 - 200 )/256;
  37   1        TL0=( 65536 - 200 )%256;
  38   1        P3_3=~P3_3;
  39   1        
  40   1      }
  41          
  42          void UART_Routine() interrupt 4 {
  43   1        if(RI==1){
  44   2          UART_SendByte(SBUF);
  45   2          RI=0;
  46   2        }
  47   1      }


MODULE INFORMATION:   STATIC OVERLAYABLE
   CODE SIZE        =    232    ----
   CONSTANT SIZE    =      3    ----
   XDATA SIZE       =   ----    ----
   PDATA SIZE       =   ----    ----
C51 COMPILER V9.59.0.0   MAIN                                                              10/06/2023 12:49:50 PAGE 2   

   DATA SIZE        =   ----       6
   IDATA SIZE       =   ----    ----
   BIT SIZE         =   ----    ----
END OF MODULE INFORMATION.


C51 COMPILATION COMPLETE.  0 WARNING(S),  0 ERROR(S)
